<?xml version="1.0" encoding="UTF-8"?>
<testsuite xmlns:xsi="http://www.w3.org/2001/XMLSchema-instance" xsi:noNamespaceSchemaLocation="https://maven.apache.org/surefire/maven-surefire-plugin/xsd/surefire-test-report.xsd" name="com.toledo.wallet.system.adapters.inbound.WalletItemRestResourceTest" time="3.658" tests="10" errors="0" skipped="0" failures="2">
  <properties>
[...]
</properties>
  <testcase name="testFindBetweenDates" classname="com.toledo.wallet.system.adapters.inbound.WalletItemRestResourceTest" time="0.501">
    <failure message="JSON path &quot;$.content[0].date&quot; expected:&lt;2020-03-03&gt; but was:&lt;2020-03-04&gt;" type="java.lang.AssertionError"><![CDATA[java.lang.AssertionError: JSON path "$.content[0].date" expected:<2020-03-03> but was:<2020-03-04>
	at com.toledo.wallet.system.adapters.inbound.WalletItemRestResourceTest.testFindBetweenDates(WalletItemRestResourceTest.java:142)
]]></failure>
    <system-out><![CDATA[
  .   ____          _            __ _ _
 /\\ / ___'_ __ _ _(_)_ __  __ _ \ \ \ \
( ( )\___ | '_ | '_| | '_ \/ _` | \ \ \ \
 \\/  ___)| |_)| | | | | || (_| |  ) ) ) )
  '  |____| .__|_| |_|_| |_\__, | / / / /
 =========|_|==============|___/=/_/_/_/
 :: Spring Boot ::        (v2.2.4.RELEASE)

2020-03-03 21:57:30.201  INFO 10020 --- [           main] c.t.w.s.a.i.WalletItemRestResourceTest   : Starting WalletItemRestResourceTest on mateus with PID 10020 (started by mateus in /home/mateus/Documents/Development/Java Projects/wallet)
2020-03-03 21:57:30.201  INFO 10020 --- [           main] c.t.w.s.a.i.WalletItemRestResourceTest   : The following profiles are active: test
2020-03-03 21:57:30.471  INFO 10020 --- [           main] .s.d.r.c.RepositoryConfigurationDelegate : Bootstrapping Spring Data JPA repositories in DEFAULT mode.
2020-03-03 21:57:30.500  INFO 10020 --- [           main] .s.d.r.c.RepositoryConfigurationDelegate : Finished Spring Data repository scanning in 29ms. Found 3 JPA repository interfaces.
2020-03-03 21:57:30.725  INFO 10020 --- [           main] trationDelegate$BeanPostProcessorChecker : Bean 'org.springframework.transaction.annotation.ProxyTransactionManagementConfiguration' of type [org.springframework.transaction.annotation.ProxyTransactionManagementConfiguration] is not eligible for getting processed by all BeanPostProcessors (for example: not eligible for auto-proxying)
2020-03-03 21:57:30.761  INFO 10020 --- [           main] trationDelegate$BeanPostProcessorChecker : Bean 'org.springframework.security.config.annotation.configuration.ObjectPostProcessorConfiguration' of type [org.springframework.security.config.annotation.configuration.ObjectPostProcessorConfiguration] is not eligible for getting processed by all BeanPostProcessors (for example: not eligible for auto-proxying)
2020-03-03 21:57:30.765  INFO 10020 --- [           main] trationDelegate$BeanPostProcessorChecker : Bean 'objectPostProcessor' of type [org.springframework.security.config.annotation.configuration.AutowireBeanFactoryObjectPostProcessor] is not eligible for getting processed by all BeanPostProcessors (for example: not eligible for auto-proxying)
2020-03-03 21:57:30.766  INFO 10020 --- [           main] trationDelegate$BeanPostProcessorChecker : Bean 'org.springframework.security.access.expression.method.DefaultMethodSecurityExpressionHandler@fd9512f' of type [org.springframework.security.access.expression.method.DefaultMethodSecurityExpressionHandler] is not eligible for getting processed by all BeanPostProcessors (for example: not eligible for auto-proxying)
2020-03-03 21:57:30.772  INFO 10020 --- [           main] trationDelegate$BeanPostProcessorChecker : Bean 'org.springframework.security.config.annotation.method.configuration.GlobalMethodSecurityConfiguration' of type [org.springframework.security.config.annotation.method.configuration.GlobalMethodSecurityConfiguration] is not eligible for getting processed by all BeanPostProcessors (for example: not eligible for auto-proxying)
2020-03-03 21:57:30.775  INFO 10020 --- [           main] trationDelegate$BeanPostProcessorChecker : Bean 'methodSecurityMetadataSource' of type [org.springframework.security.access.method.DelegatingMethodSecurityMetadataSource] is not eligible for getting processed by all BeanPostProcessors (for example: not eligible for auto-proxying)
2020-03-03 21:57:30.866  INFO 10020 --- [           main] o.hibernate.jpa.internal.util.LogHelper  : HHH000204: Processing PersistenceUnitInfo [name: default]
2020-03-03 21:57:30.872  INFO 10020 --- [           main] com.zaxxer.hikari.HikariDataSource       : HikariPool-5 - Starting...
2020-03-03 21:57:30.873  INFO 10020 --- [           main] com.zaxxer.hikari.HikariDataSource       : HikariPool-5 - Start completed.
2020-03-03 21:57:30.874  INFO 10020 --- [           main] org.hibernate.dialect.Dialect            : HHH000400: Using dialect: org.hibernate.dialect.H2Dialect
2020-03-03 21:57:30.946  INFO 10020 --- [           main] o.h.e.t.j.p.i.JtaPlatformInitiator       : HHH000490: Using JtaPlatform implementation: [org.hibernate.engine.transaction.jta.platform.internal.NoJtaPlatform]
2020-03-03 21:57:30.947  INFO 10020 --- [           main] j.LocalContainerEntityManagerFactoryBean : Initialized JPA EntityManagerFactory for persistence unit 'default'
2020-03-03 21:57:31.038  WARN 10020 --- [           main] JpaBaseConfiguration$JpaWebConfiguration : spring.jpa.open-in-view is enabled by default. Therefore, database queries may be performed during view rendering. Explicitly configure spring.jpa.open-in-view to disable this warning
2020-03-03 21:57:31.193  INFO 10020 --- [           main] o.s.s.web.DefaultSecurityFilterChain     : Creating filter chain: any request, [org.springframework.security.web.context.request.async.WebAsyncManagerIntegrationFilter@a6e0e5f, org.springframework.security.web.context.SecurityContextPersistenceFilter@2a2d0cff, org.springframework.security.web.header.HeaderWriterFilter@5434de8, org.springframework.security.web.authentication.logout.LogoutFilter@1768c77f, com.toledo.wallet.system.security.JwtAuthenticationTokenFilter@426753a6, org.springframework.security.web.savedrequest.RequestCacheAwareFilter@40eb85e9, org.springframework.security.web.servletapi.SecurityContextHolderAwareRequestFilter@5f58ac11, org.springframework.security.web.authentication.AnonymousAuthenticationFilter@15d6f0e1, org.springframework.security.web.session.SessionManagementFilter@2c84d6c4, org.springframework.security.web.access.ExceptionTranslationFilter@376ba8e3, org.springframework.security.web.access.intercept.FilterSecurityInterceptor@43ee4942]
2020-03-03 21:57:31.520  INFO 10020 --- [           main] o.s.s.concurrent.ThreadPoolTaskExecutor  : Initializing ExecutorService 'applicationTaskExecutor'
2020-03-03 21:57:31.705  INFO 10020 --- [           main] o.s.b.a.h2.H2ConsoleAutoConfiguration    : H2 console available at '/h2-console'. Database available at 'jdbc:h2:mem:db'
2020-03-03 21:57:31.798  INFO 10020 --- [           main] o.s.b.t.m.w.SpringBootMockServletContext : Initializing Spring TestDispatcherServlet ''
2020-03-03 21:57:31.798  INFO 10020 --- [           main] o.s.t.web.servlet.TestDispatcherServlet  : Initializing Servlet ''
2020-03-03 21:57:31.813  INFO 10020 --- [           main] o.s.t.web.servlet.TestDispatcherServlet  : Completed initialization in 15 ms
2020-03-03 21:57:31.826  INFO 10020 --- [           main] c.t.w.s.a.i.WalletItemRestResourceTest   : Started WalletItemRestResourceTest in 1.651 seconds (JVM running for 21.627)

MockHttpServletRequest:
      HTTP Method = GET
      Request URI = /wallets/1/items/page
       Parameters = {page=[1], startDate=[2020-03-03], endDate=[2020-03-08]}
          Headers = [Content-Type:"application/json;charset=UTF-8", Accept:"application/json", Authorization:"Bearer eyJhbGciOiJIUzUxMiJ9.eyJzdWIiOiJ1c2VyQHRlc3QubmV0IiwiY3JlYXRlZCI6MTU4MzI4MzQ1MTk3NSwiZXhwIjoxNTgzMjg3MDUxfQ.q-mA5FC7Gqz_70WAzURO8iZmRMiLCf9MP4A9NbfLb2ioaUmZ-VMeYakV8Jw4pxr1JQcaVBYg7MoZcMZ2VYXOhQ"]
             Body = null
    Session Attrs = {}

Handler:
             Type = com.toledo.wallet.system.adapters.inbound.WalletItemRestResource
           Method = com.toledo.wallet.system.adapters.inbound.WalletItemRestResource#getPage(Long, int, String, String)

Async:
    Async started = false
     Async result = null

Resolved Exception:
             Type = null

ModelAndView:
        View name = null
             View = null
            Model = null

FlashMap:
       Attributes = null

MockHttpServletResponse:
           Status = 200
    Error message = null
          Headers = [Content-Type:"application/json", X-Content-Type-Options:"nosniff", X-XSS-Protection:"1; mode=block", Cache-Control:"no-cache, no-store, max-age=0, must-revalidate", Pragma:"no-cache", Expires:"0"]
     Content type = application/json
             Body = {"content":[{"id":1,"date":"2020-03-04","type":"INPUT","description":"Conta de Luz","value":65}],"pageable":"INSTANCE","totalElements":1,"totalPages":1,"last":true,"number":0,"sort":{"sorted":false,"unsorted":true,"empty":true},"size":1,"first":true,"numberOfElements":1,"empty":false}
    Forwarded URL = null
   Redirected URL = null
          Cookies = []
]]></system-out>
  </testcase>
  <testcase name="testUpdateAndNotFoundWallet" classname="com.toledo.wallet.system.adapters.inbound.WalletItemRestResourceTest" time="0.279"/>
  <testcase name="testSave" classname="com.toledo.wallet.system.adapters.inbound.WalletItemRestResourceTest" time="0.158"/>
  <testcase name="testFindByType" classname="com.toledo.wallet.system.adapters.inbound.WalletItemRestResourceTest" time="0.154">
    <failure message="JSON path &quot;$[0].date&quot; expected:&lt;2020-03-03&gt; but was:&lt;2020-03-04&gt;" type="java.lang.AssertionError"><![CDATA[java.lang.AssertionError: JSON path "$[0].date" expected:<2020-03-03> but was:<2020-03-04>
	at com.toledo.wallet.system.adapters.inbound.WalletItemRestResourceTest.testFindByType(WalletItemRestResourceTest.java:161)
]]></failure>
    <system-out><![CDATA[2020-03-03 21:57:32.920  INFO 10020 --- [           main] c.t.w.s.a.i.WalletItemRestResource       : Searching by wallet 1 and type IN

MockHttpServletRequest:
      HTTP Method = GET
      Request URI = /wallets/1/items/type
       Parameters = {type=[IN]}
          Headers = [Content-Type:"application/json;charset=UTF-8", Accept:"application/json", Authorization:"Bearer eyJhbGciOiJIUzUxMiJ9.eyJzdWIiOiJ1c2VyQHRlc3QubmV0IiwiY3JlYXRlZCI6MTU4MzI4MzQ1MjkxNCwiZXhwIjoxNTgzMjg3MDUyfQ.QX2_CquCg7KAVO9wsImx9zFZHk9n70chuTNx5VxAs6ZWOoMpE9jHWteq-wx1jRQxUYp4QJK1jikcFV20LP7Unw"]
             Body = null
    Session Attrs = {}

Handler:
             Type = com.toledo.wallet.system.adapters.inbound.WalletItemRestResource
           Method = com.toledo.wallet.system.adapters.inbound.WalletItemRestResource#getByType(Long, WalletItemType)

Async:
    Async started = false
     Async result = null

Resolved Exception:
             Type = null

ModelAndView:
        View name = null
             View = null
            Model = null

FlashMap:
       Attributes = null

MockHttpServletResponse:
           Status = 200
    Error message = null
          Headers = [Content-Type:"application/json", X-Content-Type-Options:"nosniff", X-XSS-Protection:"1; mode=block", Cache-Control:"no-cache, no-store, max-age=0, must-revalidate", Pragma:"no-cache", Expires:"0"]
     Content type = application/json
             Body = [{"id":1,"date":"2020-03-04","type":"INPUT","description":"Conta de Luz","value":65}]
    Forwarded URL = null
   Redirected URL = null
          Cookies = []
]]></system-out>
  </testcase>
  <testcase name="testSaveWithWalletNotFound" classname="com.toledo.wallet.system.adapters.inbound.WalletItemRestResourceTest" time="0.151"/>
  <testcase name="testSumByWallet" classname="com.toledo.wallet.system.adapters.inbound.WalletItemRestResourceTest" time="0.147"/>
  <testcase name="testDelete" classname="com.toledo.wallet.system.adapters.inbound.WalletItemRestResourceTest" time="0.145"/>
  <testcase name="testDeleteNotFoundItem" classname="com.toledo.wallet.system.adapters.inbound.WalletItemRestResourceTest" time="0.152"/>
  <testcase name="testUpdate" classname="com.toledo.wallet.system.adapters.inbound.WalletItemRestResourceTest" time="0.154"/>
  <testcase name="testDeleteItemOfNotFoundWallet" classname="com.toledo.wallet.system.adapters.inbound.WalletItemRestResourceTest" time="0.148"/>
</testsuite>